<?xml version="1.0" encoding="UTF-8"?>
<!-- Generated by org.testng.reporters.JUnitReportReporter -->
<testsuite hostname="DESKTOP-97E1U1K" failures="0" tests="3" name="com.htc.Registration.RegisterLogin" time="41.420" errors="0" timestamp="2021-02-17T15:38:07 IST" skipped="1">
  <testcase classname="com.htc.Registration.RegisterLogin" name="testProceedCheckout_selectProductAndEnterDeliveryAddress_orderPlacedSuccessfully" time="34.103"/>
  <system-out/>
  <testcase classname="com.htc.Registration.RegisterLogin" name="testLoginPage_enterCredantials_shouldLoginSuccessful" time="7.317"/>
  <system-out/>
  <testcase classname="com.htc.Registration.RegisterLogin" name="testCreateAccount_fillMandatoryDetails_successfullyShouldCreateNewAcc">
    <skipped/>
  </testcase> <!-- testCreateAccount_fillMandatoryDetails_successfullyShouldCreateNewAcc -->
  <system-out/>
</testsuite> <!-- com.htc.Registration.RegisterLogin -->
