<?xml version="1.0" encoding="UTF-8"?>
<!-- Generated by org.testng.reporters.JUnitReportReporter -->
<testsuite hostname="DESKTOP-97E1U1K" failures="0" tests="1" name="com.htc.ActionTest.DropDownAction" time="27.807" errors="0" timestamp="2021-02-12T14:25:05 IST" skipped="0">
  <testcase classname="com.htc.ActionTest.DropDownAction" name="test_DropdownAction" time="27.807"/>
  <system-out/>
</testsuite> <!-- com.htc.ActionTest.DropDownAction -->
