<?xml version="1.0" encoding="UTF-8"?>
<!-- Generated by org.testng.reporters.JUnitReportReporter -->
<testsuite hostname="DESKTOP-97E1U1K" failures="0" tests="2" name="browserAutomation.ELogin" time="50.118" errors="0" timestamp="2021-02-09T16:35:01 IST" skipped="0">
  <testcase classname="browserAutomation.ELogin" name="testportal_InvalidId" time="28.687"/>
  <system-out/>
  <testcase classname="browserAutomation.ELogin" name="testportal_ValidId" time="21.431"/>
  <system-out/>
</testsuite> <!-- browserAutomation.ELogin -->
