<?xml version="1.0" encoding="UTF-8"?>
<!-- Generated by org.testng.reporters.JUnitReportReporter -->
<testsuite hostname="DESKTOP-97E1U1K" failures="0" tests="1" name="com.htc.shopping.Site" time="17.292" errors="0" timestamp="2021-02-08T14:57:13 IST" skipped="0">
  <testcase classname="com.htc.shopping.Site" name="simulateFREInSearchBar_takeScreenshot_storeItInFile" time="17.292"/>
  <system-out/>
</testsuite> <!-- com.htc.shopping.Site -->
