<?xml version="1.0" encoding="UTF-8"?>
<!-- Generated by org.testng.reporters.JUnitReportReporter -->
<testsuite hostname="DESKTOP-97E1U1K" failures="0" tests="1" name="browserAutomation.Eportal" time="20.459" errors="0" timestamp="2021-02-05T16:30:39 IST" skipped="0">
  <testcase classname="browserAutomation.Eportal" name="logintest_Loadpage" time="20.459"/>
  <system-out/>
</testsuite> <!-- browserAutomation.Eportal -->
