<?xml version="1.0" encoding="UTF-8"?>
<!-- Generated by org.testng.reporters.JUnitReportReporter -->
<testsuite hostname="DESKTOP-97E1U1K" failures="0" tests="1" name="com.htc.Registration.Register" time="32.222" errors="0" timestamp="2021-02-11T16:58:33 IST" skipped="0">
  <testcase classname="com.htc.Registration.Register" name="testRegistrationtoDemoSite_SuccessfullorNot" time="32.222"/>
  <system-out/>
</testsuite> <!-- com.htc.Registration.Register -->
