<?xml version="1.0" encoding="UTF-8"?>
<!-- Generated by org.testng.reporters.JUnitReportReporter -->
<testsuite hostname="DESKTOP-97E1U1K" failures="0" tests="1" name="browserAutomation.PageLoading" time="48.332" errors="0" timestamp="2021-02-10T15:00:10 IST" skipped="0">
  <testcase classname="browserAutomation.PageLoading" name="testPortal_HomePage_valid" time="48.332"/>
  <system-out/>
</testsuite> <!-- browserAutomation.PageLoading -->
