<?xml version="1.0" encoding="UTF-8"?>
<!-- Generated by org.testng.reporters.JUnitReportReporter -->
<testsuite hostname="DESKTOP-97E1U1K" failures="0" tests="1" name="com.htc.DropDown.DropdownTest" time="32.363" errors="0" timestamp="2021-02-09T16:40:00 IST" skipped="0">
  <testcase classname="com.htc.DropDown.DropdownTest" name="test_Dropdown" time="32.363"/>
  <system-out/>
</testsuite> <!-- com.htc.DropDown.DropdownTest -->
