<?xml version="1.0" encoding="UTF-8"?>
<!-- Generated by org.testng.reporters.JUnitReportReporter -->
<testsuite hostname="DESKTOP-97E1U1K" failures="0" tests="3" name="com.htc.Registration.SeleniumAcademyTest" time="33.250" errors="0" timestamp="2021-02-11T18:46:16 IST" skipped="1">
  <testcase classname="com.htc.Registration.SeleniumAcademyTest" name="testProceedCheckout_selectProductAndEnterDeliveryAddress_orderPlacedSuccessfully" time="28.337"/>
  <system-out/>
  <testcase classname="com.htc.Registration.SeleniumAcademyTest" name="testLoginPage_enterCredantials_shouldLoginSuccessful" time="4.913"/>
  <system-out/>
  <testcase classname="com.htc.Registration.SeleniumAcademyTest" name="testCreateAccount_fillMandatoryDetails_successfullyShouldCreateNewAcc">
    <skipped/>
  </testcase> <!-- testCreateAccount_fillMandatoryDetails_successfullyShouldCreateNewAcc -->
  <system-out/>
</testsuite> <!-- com.htc.Registration.SeleniumAcademyTest -->
