<?xml version="1.0" encoding="UTF-8"?>
<!-- Generated by org.testng.reporters.JUnitReportReporter -->
<testsuite hostname="DESKTOP-97E1U1K" failures="0" tests="1" name="com.htc.shopping.Screen" time="30.024" errors="0" timestamp="2021-02-09T16:37:25 IST" skipped="0">
  <testcase classname="com.htc.shopping.Screen" name="simulateFREInSearchBar_takeScreenshot_storeItInFile" time="30.024"/>
  <system-out/>
</testsuite> <!-- com.htc.shopping.Screen -->
